                    Error	VEHICLE: Could not find attribute with ID DESLINK.
                    Error	VEHICLE: Could not find attribute with ID DESIREDLINK.
                    Error	VEHICLE: Could not find attribute with ID DESTLINK.
                    Error	put_AttValue failed - the attribute NEXTLINK is not editable
                    Error	VEHICLE: Could not find attribute with ID DESLINK.
                    Error	VEHICLE: Could not find attribute with ID DESIREDLINK.
                    Error	VEHICLE: Could not find attribute with ID DESTLINK.
                    Error	put_AttValue failed - the attribute NEXTLINK is not editable
                  Warning	Simulation second 302.000: Intergreen time violation at signal controller "9" between signal group "9 - 3" and signal group "9 - 10".	Network object type: Signal Controller	Network object keys: 9
                  Warning	Simulation second 302.000: Intergreen time violation at signal controller "9" between signal group "9 - 4" and signal group "9 - 10".	Network object type: Signal Controller	Network object keys: 9
                  Warning	Simulation second 303.000: Intergreen time violation at signal controller "9" between signal group "9 - 23" and signal group "9 - 51".	Network object type: Signal Controller	Network object keys: 9
                  Warning	Simulation second 303.000: Intergreen time violation at signal controller "9" between signal group "9 - 43" and signal group "9 - 51".	Network object type: Signal Controller	Network object keys: 9
                  Warning	Simulation second 305.000: Intergreen time violation at signal controller "9" between signal group "9 - 24" and signal group "9 - 1".	Network object type: Signal Controller	Network object keys: 9
                    Error	VEHICLE: Could not find attribute with ID DESLINK.
                    Error	VEHICLE: Could not find attribute with ID DESIREDLINK.
                    Error	VEHICLE: Could not find attribute with ID DESTLINK.
                    Error	put_AttValue failed - the attribute NEXTLINK is not editable
                    Error	VEHICLE: Could not find attribute with ID DESLINK.
                    Error	VEHICLE: Could not find attribute with ID DESIREDLINK.
                    Error	VEHICLE: Could not find attribute with ID DESTLINK.
                    Error	put_AttValue failed - the attribute NEXTLINK is not editable
                    Error	VEHICLE: Could not find attribute with ID DESLINK.
                    Error	VEHICLE: Could not find attribute with ID DESIREDLINK.
                    Error	VEHICLE: Could not find attribute with ID DESTLINK.
                    Error	put_AttValue failed - the attribute NEXTLINK is not editable
                  Warning	Simulation second 308.000: Intergreen time violation at signal controller "10" between signal group "10 - 21" and signal group "10 - 51".	Network object type: Signal Controller	Network object keys: 10
                  Warning	Simulation second 310.000: Intergreen time violation at signal controller "10" between signal group "10 - 21" and signal group "10 - 52".	Network object type: Signal Controller	Network object keys: 10
                    Error	CCOMVehicleContainerBase<CVehicleManager>::get_ItemByKey failed: object does not exist
