                    Error	VEHICLE: Could not find attribute with ID DESLINK.
                    Error	VEHICLE: Could not find attribute with ID DESIREDLINK.
                    Error	VEHICLE: Could not find attribute with ID DESTLINK.
                    Error	put_AttValue failed - the attribute NEXTLINK is not editable
                    Error	VEHICLE: Could not find attribute with ID DESLINK.
                    Error	VEHICLE: Could not find attribute with ID DESIREDLINK.
                    Error	VEHICLE: Could not find attribute with ID DESTLINK.
                    Error	put_AttValue failed - the attribute NEXTLINK is not editable
                    Error	VEHICLE: Could not find attribute with ID DESLINK.
                    Error	VEHICLE: Could not find attribute with ID DESIREDLINK.
                    Error	VEHICLE: Could not find attribute with ID DESTLINK.
                    Error	put_AttValue failed - the attribute NEXTLINK is not editable
                    Error	VEHICLE: Could not find attribute with ID DESLINK.
                    Error	VEHICLE: Could not find attribute with ID DESIREDLINK.
                    Error	VEHICLE: Could not find attribute with ID DESTLINK.
                    Error	put_AttValue failed - the attribute NEXTLINK is not editable
                    Error	VEHICLE: Could not find attribute with ID DESLINK.
                    Error	VEHICLE: Could not find attribute with ID DESIREDLINK.
                    Error	VEHICLE: Could not find attribute with ID DESTLINK.
                    Error	put_AttValue failed - the attribute NEXTLINK is not editable
                    Error	VEHICLE: Could not find attribute with ID DESLINK.
                    Error	VEHICLE: Could not find attribute with ID DESIREDLINK.
                    Error	VEHICLE: Could not find attribute with ID DESTLINK.
                    Error	put_AttValue failed - the attribute NEXTLINK is not editable
                     Note	Stop the simulation? : &Yes
