                  Warning	Simulation second 2.300: Vehicle 10 (on PT line "20: 380;380 WB;>;timeprofile 1;1") left link "2084" without stopping at PT stop "4: ID 3557B".	Network object type: Vehicle	Network object keys: 10
                  Warning	Simulation second 84.700: Vehicle 149 (on PT line "25: 472;472 EB;>;timeprofile 1;1") left link "2807" without stopping at PT stop "243: ID 12318A".	Network object type: Vehicle	Network object keys: 149
                  Warning	Simulation second 145.700: Vehicle 10 (on PT line "20: 380;380 WB;>;timeprofile 1;1") left link "2205" without stopping at PT stop "628: ID 16755B".	Network object type: Vehicle	Network object keys: 10
                  Warning	Simulation second 234.500: Vehicle 10 (on PT line "20: 380;380 WB;>;timeprofile 1;1") left link "2581" without stopping at PT stop "160: ID 11712B".	Network object type: Vehicle	Network object keys: 10
                    Error	VEHICLE: Could not find attribute with ID DESLINK.
                    Error	VEHICLE: Could not find attribute with ID DESIREDLINK.
                    Error	VEHICLE: Could not find attribute with ID DESTLINK.
                    Error	put_AttValue failed - the attribute NEXTLINK is not editable
                    Error	VEHICLE: Could not find attribute with ID DESLINK.
                    Error	VEHICLE: Could not find attribute with ID DESIREDLINK.
                    Error	VEHICLE: Could not find attribute with ID DESTLINK.
                    Error	put_AttValue failed - the attribute NEXTLINK is not editable
                    Error	VEHICLE: Could not find attribute with ID DESLINK.
                    Error	VEHICLE: Could not find attribute with ID DESIREDLINK.
                    Error	VEHICLE: Could not find attribute with ID DESTLINK.
                    Error	put_AttValue failed - the attribute NEXTLINK is not editable
                    Error	VEHICLE: Could not find attribute with ID DESLINK.
                    Error	VEHICLE: Could not find attribute with ID DESIREDLINK.
                    Error	VEHICLE: Could not find attribute with ID DESTLINK.
                    Error	put_AttValue failed - the attribute NEXTLINK is not editable
                    Error	VEHICLE: Could not find attribute with ID DESLINK.
                    Error	VEHICLE: Could not find attribute with ID DESIREDLINK.
                    Error	VEHICLE: Could not find attribute with ID DESTLINK.
                    Error	put_AttValue failed - the attribute NEXTLINK is not editable
                    Error	VEHICLE: Could not find attribute with ID DESLINK.
                    Error	VEHICLE: Could not find attribute with ID DESIREDLINK.
                    Error	VEHICLE: Could not find attribute with ID DESTLINK.
                    Error	put_AttValue failed - the attribute NEXTLINK is not editable
                  Warning	Simulation second 321.600: Vehicle 149 (on PT line "25: 472;472 EB;>;timeprofile 1;1") left link "1918" without stopping at PT stop "539: ID 14834B".	Network object type: Vehicle	Network object keys: 149
                    Error	VEHICLE: Could not find attribute with ID DESLINK.
                    Error	VEHICLE: Could not find attribute with ID DESIREDLINK.
                    Error	VEHICLE: Could not find attribute with ID DESTLINK.
                    Error	put_AttValue failed - the attribute NEXTLINK is not editable
                    Error	VEHICLE: Could not find attribute with ID DESLINK.
                    Error	VEHICLE: Could not find attribute with ID DESIREDLINK.
                    Error	VEHICLE: Could not find attribute with ID DESTLINK.
                    Error	put_AttValue failed - the attribute NEXTLINK is not editable
                    Error	VEHICLE: Could not find attribute with ID DESLINK.
                    Error	VEHICLE: Could not find attribute with ID DESIREDLINK.
                    Error	VEHICLE: Could not find attribute with ID DESTLINK.
                    Error	put_AttValue failed - the attribute NEXTLINK is not editable
                    Error	VEHICLE: Could not find attribute with ID DESLINK.
                    Error	VEHICLE: Could not find attribute with ID DESIREDLINK.
                    Error	VEHICLE: Could not find attribute with ID DESTLINK.
                    Error	put_AttValue failed - the attribute NEXTLINK is not editable
                    Error	VEHICLE: Could not find attribute with ID DESLINK.
                    Error	VEHICLE: Could not find attribute with ID DESIREDLINK.
                    Error	VEHICLE: Could not find attribute with ID DESTLINK.
                    Error	put_AttValue failed - the attribute NEXTLINK is not editable
                    Error	VEHICLE: Could not find attribute with ID DESLINK.
                    Error	VEHICLE: Could not find attribute with ID DESIREDLINK.
                    Error	VEHICLE: Could not find attribute with ID DESTLINK.
                    Error	put_AttValue failed - the attribute NEXTLINK is not editable
                    Error	VEHICLE: Could not find attribute with ID DESLINK.
                    Error	VEHICLE: Could not find attribute with ID DESIREDLINK.
                    Error	VEHICLE: Could not find attribute with ID DESTLINK.
                    Error	put_AttValue failed - the attribute NEXTLINK is not editable
                    Error	VEHICLE: Could not find attribute with ID DESLINK.
                    Error	VEHICLE: Could not find attribute with ID DESIREDLINK.
                    Error	VEHICLE: Could not find attribute with ID DESTLINK.
                    Error	put_AttValue failed - the attribute NEXTLINK is not editable
                    Error	VEHICLE: Could not find attribute with ID DESLINK.
                    Error	VEHICLE: Could not find attribute with ID DESIREDLINK.
                    Error	VEHICLE: Could not find attribute with ID DESTLINK.
                    Error	put_AttValue failed - the attribute NEXTLINK is not editable
                    Error	VEHICLE: Could not find attribute with ID DESLINK.
                    Error	VEHICLE: Could not find attribute with ID DESIREDLINK.
                    Error	VEHICLE: Could not find attribute with ID DESTLINK.
                    Error	put_AttValue failed - the attribute NEXTLINK is not editable
                    Error	VEHICLE: Could not find attribute with ID DESLINK.
                    Error	VEHICLE: Could not find attribute with ID DESIREDLINK.
                    Error	VEHICLE: Could not find attribute with ID DESTLINK.
                    Error	put_AttValue failed - the attribute NEXTLINK is not editable
                    Error	VEHICLE: Could not find attribute with ID DESLINK.
                    Error	VEHICLE: Could not find attribute with ID DESIREDLINK.
                    Error	VEHICLE: Could not find attribute with ID DESTLINK.
                    Error	put_AttValue failed - the attribute NEXTLINK is not editable
                    Error	VEHICLE: Could not find attribute with ID DESLINK.
                    Error	VEHICLE: Could not find attribute with ID DESIREDLINK.
                    Error	VEHICLE: Could not find attribute with ID DESTLINK.
                    Error	put_AttValue failed - the attribute NEXTLINK is not editable
                    Error	VEHICLE: Could not find attribute with ID DESLINK.
                    Error	VEHICLE: Could not find attribute with ID DESIREDLINK.
                    Error	VEHICLE: Could not find attribute with ID DESTLINK.
                    Error	put_AttValue failed - the attribute NEXTLINK is not editable
                    Error	VEHICLE: Could not find attribute with ID DESLINK.
                    Error	VEHICLE: Could not find attribute with ID DESIREDLINK.
                    Error	VEHICLE: Could not find attribute with ID DESTLINK.
                    Error	put_AttValue failed - the attribute NEXTLINK is not editable
                    Error	VEHICLE: Could not find attribute with ID DESLINK.
                    Error	VEHICLE: Could not find attribute with ID DESIREDLINK.
                    Error	VEHICLE: Could not find attribute with ID DESTLINK.
                    Error	put_AttValue failed - the attribute NEXTLINK is not editable
                    Error	VEHICLE: Could not find attribute with ID DESLINK.
                    Error	VEHICLE: Could not find attribute with ID DESIREDLINK.
                    Error	VEHICLE: Could not find attribute with ID DESTLINK.
                    Error	put_AttValue failed - the attribute NEXTLINK is not editable
                    Error	VEHICLE: Could not find attribute with ID DESLINK.
                    Error	VEHICLE: Could not find attribute with ID DESIREDLINK.
                    Error	VEHICLE: Could not find attribute with ID DESTLINK.
                    Error	put_AttValue failed - the attribute NEXTLINK is not editable
                    Error	VEHICLE: Could not find attribute with ID DESLINK.
                    Error	VEHICLE: Could not find attribute with ID DESIREDLINK.
                    Error	VEHICLE: Could not find attribute with ID DESTLINK.
                    Error	put_AttValue failed - the attribute NEXTLINK is not editable
                    Error	VEHICLE: Could not find attribute with ID DESLINK.
                    Error	VEHICLE: Could not find attribute with ID DESIREDLINK.
                    Error	VEHICLE: Could not find attribute with ID DESTLINK.
                    Error	put_AttValue failed - the attribute NEXTLINK is not editable
                    Error	VEHICLE: Could not find attribute with ID DESLINK.
                    Error	VEHICLE: Could not find attribute with ID DESIREDLINK.
                    Error	VEHICLE: Could not find attribute with ID DESTLINK.
                    Error	put_AttValue failed - the attribute NEXTLINK is not editable
                    Error	VEHICLE: Could not find attribute with ID DESLINK.
                    Error	VEHICLE: Could not find attribute with ID DESIREDLINK.
                    Error	VEHICLE: Could not find attribute with ID DESTLINK.
                    Error	put_AttValue failed - the attribute NEXTLINK is not editable
                    Error	VEHICLE: Could not find attribute with ID DESLINK.
                    Error	VEHICLE: Could not find attribute with ID DESIREDLINK.
                    Error	VEHICLE: Could not find attribute with ID DESTLINK.
                    Error	put_AttValue failed - the attribute NEXTLINK is not editable
                    Error	VEHICLE: Could not find attribute with ID DESLINK.
                    Error	VEHICLE: Could not find attribute with ID DESIREDLINK.
                    Error	VEHICLE: Could not find attribute with ID DESTLINK.
                    Error	put_AttValue failed - the attribute NEXTLINK is not editable
                    Error	VEHICLE: Could not find attribute with ID DESLINK.
                    Error	VEHICLE: Could not find attribute with ID DESIREDLINK.
                    Error	VEHICLE: Could not find attribute with ID DESTLINK.
                    Error	put_AttValue failed - the attribute NEXTLINK is not editable
                    Error	VEHICLE: Could not find attribute with ID DESLINK.
                    Error	VEHICLE: Could not find attribute with ID DESIREDLINK.
                    Error	VEHICLE: Could not find attribute with ID DESTLINK.
                    Error	put_AttValue failed - the attribute NEXTLINK is not editable
                    Error	VEHICLE: Could not find attribute with ID DESLINK.
                    Error	VEHICLE: Could not find attribute with ID DESIREDLINK.
                    Error	VEHICLE: Could not find attribute with ID DESTLINK.
                    Error	put_AttValue failed - the attribute NEXTLINK is not editable
                    Error	VEHICLE: Could not find attribute with ID DESLINK.
                    Error	VEHICLE: Could not find attribute with ID DESIREDLINK.
                    Error	VEHICLE: Could not find attribute with ID DESTLINK.
                    Error	put_AttValue failed - the attribute NEXTLINK is not editable
                  Warning	Simulation second 444.700: Vehicle 183 (on PT line "25: 472;472 EB;>;timeprofile 1;1") left link "2807" without stopping at PT stop "243: ID 12318A".	Network object type: Vehicle	Network object keys: 183
                    Error	VEHICLE: Could not find attribute with ID DESLINK.
                    Error	VEHICLE: Could not find attribute with ID DESIREDLINK.
                    Error	VEHICLE: Could not find attribute with ID DESTLINK.
                    Error	put_AttValue failed - the attribute NEXTLINK is not editable
                    Error	VEHICLE: Could not find attribute with ID DESLINK.
                    Error	VEHICLE: Could not find attribute with ID DESIREDLINK.
                    Error	VEHICLE: Could not find attribute with ID DESTLINK.
                    Error	put_AttValue failed - the attribute NEXTLINK is not editable
                    Error	VEHICLE: Could not find attribute with ID DESLINK.
                    Error	VEHICLE: Could not find attribute with ID DESIREDLINK.
                    Error	VEHICLE: Could not find attribute with ID DESTLINK.
                    Error	put_AttValue failed - the attribute NEXTLINK is not editable
                    Error	VEHICLE: Could not find attribute with ID DESLINK.
                    Error	VEHICLE: Could not find attribute with ID DESIREDLINK.
                    Error	VEHICLE: Could not find attribute with ID DESTLINK.
                    Error	put_AttValue failed - the attribute NEXTLINK is not editable
                    Error	VEHICLE: Could not find attribute with ID DESLINK.
                    Error	VEHICLE: Could not find attribute with ID DESIREDLINK.
                    Error	VEHICLE: Could not find attribute with ID DESTLINK.
                    Error	put_AttValue failed - the attribute NEXTLINK is not editable
                    Error	VEHICLE: Could not find attribute with ID DESLINK.
                    Error	VEHICLE: Could not find attribute with ID DESIREDLINK.
                    Error	VEHICLE: Could not find attribute with ID DESTLINK.
                    Error	put_AttValue failed - the attribute NEXTLINK is not editable
                    Error	VEHICLE: Could not find attribute with ID DESLINK.
                    Error	VEHICLE: Could not find attribute with ID DESIREDLINK.
                    Error	VEHICLE: Could not find attribute with ID DESTLINK.
                    Error	put_AttValue failed - the attribute NEXTLINK is not editable
                  Warning	Simulation second 482.000: After 60.000 seconds of waiting for lane change the vehicle 105 (on Static Vehicle Route "370 - 37804: ANM zone 10041776") was removed from link "11110" at position 5,156 m.	Network object type: Vehicle	Network object keys: 105
                    Error	VEHICLE: Could not find attribute with ID DESLINK.
                    Error	VEHICLE: Could not find attribute with ID DESIREDLINK.
                    Error	VEHICLE: Could not find attribute with ID DESTLINK.
                    Error	put_AttValue failed - the attribute NEXTLINK is not editable
                    Error	VEHICLE: Could not find attribute with ID DESLINK.
                    Error	VEHICLE: Could not find attribute with ID DESIREDLINK.
                    Error	VEHICLE: Could not find attribute with ID DESTLINK.
                    Error	put_AttValue failed - the attribute NEXTLINK is not editable
                    Error	VEHICLE: Could not find attribute with ID DESLINK.
                    Error	VEHICLE: Could not find attribute with ID DESIREDLINK.
                    Error	VEHICLE: Could not find attribute with ID DESTLINK.
                    Error	put_AttValue failed - the attribute NEXTLINK is not editable
                    Error	VEHICLE: Could not find attribute with ID DESLINK.
                    Error	VEHICLE: Could not find attribute with ID DESIREDLINK.
                    Error	VEHICLE: Could not find attribute with ID DESTLINK.
                    Error	put_AttValue failed - the attribute NEXTLINK is not editable
                    Error	CCOMVehicleContainerBase<CVehicleManager>::get_ItemByKey failed: object does not exist
